{"E:\\REACT-NATIVE\\location_app\\src\\actions\\index.ts": {"path":"E:\\REACT-NATIVE\\location_app\\src\\actions\\index.ts","statementMap":{"0":{"start":{"line":6,"column":34},"end":{"line":23,"column":1}},"1":{"start":{"line":7,"column":2},"end":{"line":18,"column":3}},"2":{"start":{"line":8,"column":17},"end":{"line":8,"column":66}},"3":{"start":{"line":9,"column":4},"end":{"line":15,"column":5}},"4":{"start":{"line":10,"column":29},"end":{"line":10,"column":49}},"5":{"start":{"line":11,"column":6},"end":{"line":14,"column":7}},"6":{"start":{"line":17,"column":4},"end":{"line":17,"column":20}},"7":{"start":{"line":19,"column":2},"end":{"line":22,"column":3}},"8":{"start":{"line":25,"column":29},"end":{"line":45,"column":1}},"9":{"start":{"line":27,"column":15},"end":{"line":30,"column":3}},"10":{"start":{"line":32,"column":2},"end":{"line":40,"column":17}},"11":{"start":{"line":33,"column":17},"end":{"line":33,"column":66}},"12":{"start":{"line":34,"column":4},"end":{"line":39,"column":5}},"13":{"start":{"line":35,"column":6},"end":{"line":38,"column":7}},"14":{"start":{"line":41,"column":2},"end":{"line":44,"column":3}}},"fnMap":{"0":{"name":"(anonymous_0)","decl":{"start":{"line":6,"column":34},"end":{"line":6,"column":35}},"loc":{"start":{"line":6,"column":92},"end":{"line":23,"column":1}},"line":6},"1":{"name":"(anonymous_1)","decl":{"start":{"line":25,"column":29},"end":{"line":25,"column":30}},"loc":{"start":{"line":25,"column":75},"end":{"line":45,"column":1}},"line":25}},"branchMap":{"0":{"loc":{"start":{"line":9,"column":4},"end":{"line":15,"column":5}},"type":"if","locations":[{"start":{"line":9,"column":4},"end":{"line":15,"column":5}},{"start":{},"end":{}}],"line":9},"1":{"loc":{"start":{"line":13,"column":14},"end":{"line":13,"column":45}},"type":"binary-expr","locations":[{"start":{"line":13,"column":14},"end":{"line":13,"column":39}},{"start":{"line":13,"column":43},"end":{"line":13,"column":45}}],"line":13},"2":{"loc":{"start":{"line":34,"column":4},"end":{"line":39,"column":5}},"type":"if","locations":[{"start":{"line":34,"column":4},"end":{"line":39,"column":5}},{"start":{},"end":{}}],"line":34}},"s":{"0":1,"1":0,"2":0,"3":0,"4":0,"5":0,"6":0,"7":0,"8":1,"9":0,"10":0,"11":0,"12":0,"13":0,"14":0},"f":{"0":0,"1":0},"b":{"0":[0,0],"1":[0,0],"2":[0,0]},"_coverageSchema":"1a1c01bbd47fc00a2c39e90264f33305004495a9","hash":"f6c137e79e50579216b78bc16684898fb1119226"}
,"E:\\REACT-NATIVE\\location_app\\src\\components\\Button.tsx": {"path":"E:\\REACT-NATIVE\\location_app\\src\\components\\Button.tsx","statementMap":{"0":{"start":{"line":12,"column":32},"end":{"line":23,"column":1}},"1":{"start":{"line":14,"column":2},"end":{"line":22,"column":4}},"2":{"start":{"line":25,"column":15},"end":{"line":38,"column":2}}},"fnMap":{"0":{"name":"(anonymous_0)","decl":{"start":{"line":12,"column":32},"end":{"line":12,"column":33}},"loc":{"start":{"line":12,"column":82},"end":{"line":23,"column":1}},"line":12}},"branchMap":{},"s":{"0":1,"1":0,"2":1},"f":{"0":0},"b":{},"_coverageSchema":"1a1c01bbd47fc00a2c39e90264f33305004495a9","hash":"172871c50e850f2d980f2393960a57dccc6d3932"}
,"E:\\REACT-NATIVE\\location_app\\src\\components\\CurrentLocation.tsx": {"path":"E:\\REACT-NATIVE\\location_app\\src\\components\\CurrentLocation.tsx","statementMap":{"0":{"start":{"line":10,"column":41},"end":{"line":34,"column":1}},"1":{"start":{"line":12,"column":2},"end":{"line":12,"column":33}},"2":{"start":{"line":12,"column":17},"end":{"line":12,"column":33}},"3":{"start":{"line":14,"column":20},"end":{"line":14,"column":40}},"4":{"start":{"line":16,"column":2},"end":{"line":33,"column":4}},"5":{"start":{"line":36,"column":15},"end":{"line":70,"column":2}}},"fnMap":{"0":{"name":"(anonymous_0)","decl":{"start":{"line":10,"column":41},"end":{"line":10,"column":42}},"loc":{"start":{"line":10,"column":55},"end":{"line":34,"column":1}},"line":10}},"branchMap":{"0":{"loc":{"start":{"line":12,"column":2},"end":{"line":12,"column":33}},"type":"if","locations":[{"start":{"line":12,"column":2},"end":{"line":12,"column":33}},{"start":{},"end":{}}],"line":12},"1":{"loc":{"start":{"line":20,"column":11},"end":{"line":20,"column":38}},"type":"binary-expr","locations":[{"start":{"line":20,"column":11},"end":{"line":20,"column":30}},{"start":{"line":20,"column":34},"end":{"line":20,"column":38}}],"line":20},"2":{"loc":{"start":{"line":20,"column":40},"end":{"line":20,"column":65}},"type":"binary-expr","locations":[{"start":{"line":20,"column":40},"end":{"line":20,"column":59}},{"start":{"line":20,"column":63},"end":{"line":20,"column":65}}],"line":20}},"s":{"0":1,"1":0,"2":0,"3":0,"4":0,"5":1},"f":{"0":0},"b":{"0":[0,0],"1":[0,0],"2":[0,0]},"_coverageSchema":"1a1c01bbd47fc00a2c39e90264f33305004495a9","hash":"28ae411999c1d024407d6fa7cac9d55b137ee489"}
,"E:\\REACT-NATIVE\\location_app\\src\\components\\PreviousLocations.tsx": {"path":"E:\\REACT-NATIVE\\location_app\\src\\components\\PreviousLocations.tsx","statementMap":{"0":{"start":{"line":13,"column":43},"end":{"line":33,"column":1}},"1":{"start":{"line":15,"column":2},"end":{"line":32,"column":4}},"2":{"start":{"line":19,"column":8},"end":{"line":29,"column":10}},"3":{"start":{"line":26,"column":52},"end":{"line":26,"column":69}},"4":{"start":{"line":35,"column":15},"end":{"line":57,"column":2}}},"fnMap":{"0":{"name":"(anonymous_0)","decl":{"start":{"line":13,"column":43},"end":{"line":13,"column":44}},"loc":{"start":{"line":13,"column":72},"end":{"line":33,"column":1}},"line":13},"1":{"name":"(anonymous_1)","decl":{"start":{"line":18,"column":18},"end":{"line":18,"column":19}},"loc":{"start":{"line":18,"column":39},"end":{"line":30,"column":7}},"line":18},"2":{"name":"(anonymous_2)","decl":{"start":{"line":26,"column":46},"end":{"line":26,"column":47}},"loc":{"start":{"line":26,"column":52},"end":{"line":26,"column":69}},"line":26}},"branchMap":{},"s":{"0":1,"1":0,"2":0,"3":0,"4":1},"f":{"0":0,"1":0,"2":0},"b":{},"_coverageSchema":"1a1c01bbd47fc00a2c39e90264f33305004495a9","hash":"e0bfda6a81308227057366daf289829b9d4d9eca"}
,"E:\\REACT-NATIVE\\location_app\\src\\contexts\\AppContext.tsx": {"path":"E:\\REACT-NATIVE\\location_app\\src\\contexts\\AppContext.tsx","statementMap":{"0":{"start":{"line":6,"column":21},"end":{"line":9,"column":1}},"1":{"start":{"line":8,"column":18},"end":{"line":8,"column":27}},"2":{"start":{"line":11,"column":26},"end":{"line":11,"column":62}},"3":{"start":{"line":13,"column":37},"end":{"line":22,"column":1}},"4":{"start":{"line":15,"column":28},"end":{"line":15,"column":58}},"5":{"start":{"line":17,"column":2},"end":{"line":21,"column":4}}},"fnMap":{"0":{"name":"(anonymous_0)","decl":{"start":{"line":8,"column":12},"end":{"line":8,"column":13}},"loc":{"start":{"line":8,"column":18},"end":{"line":8,"column":27}},"line":8},"1":{"name":"(anonymous_1)","decl":{"start":{"line":13,"column":37},"end":{"line":13,"column":38}},"loc":{"start":{"line":13,"column":55},"end":{"line":22,"column":1}},"line":13}},"branchMap":{},"s":{"0":2,"1":0,"2":2,"3":2,"4":0,"5":0},"f":{"0":0,"1":0},"b":{},"_coverageSchema":"1a1c01bbd47fc00a2c39e90264f33305004495a9","hash":"5a8baa906a7af93f84f30ee6fb916cfdaea26087"}
,"E:\\REACT-NATIVE\\location_app\\src\\contexts\\actions.ts": {"path":"E:\\REACT-NATIVE\\location_app\\src\\contexts\\actions.ts","statementMap":{"0":{"start":{"line":1,"column":36},"end":{"line":1,"column":58}},"1":{"start":{"line":3,"column":36},"end":{"line":3,"column":58}}},"fnMap":{},"branchMap":{},"s":{"0":2,"1":2},"f":{},"b":{},"_coverageSchema":"1a1c01bbd47fc00a2c39e90264f33305004495a9","hash":"f469744cc3e0ab537f9fb7cd40420da2724aaced"}
,"E:\\REACT-NATIVE\\location_app\\src\\contexts\\appReducer.tsx": {"path":"E:\\REACT-NATIVE\\location_app\\src\\contexts\\appReducer.tsx","statementMap":{"0":{"start":{"line":5,"column":32},"end":{"line":15,"column":1}},"1":{"start":{"line":17,"column":23},"end":{"line":29,"column":1}},"2":{"start":{"line":18,"column":2},"end":{"line":28,"column":3}},"3":{"start":{"line":20,"column":6},"end":{"line":20,"column":28}},"4":{"start":{"line":22,"column":6},"end":{"line":25,"column":8}},"5":{"start":{"line":27,"column":6},"end":{"line":27,"column":19}}},"fnMap":{"0":{"name":"(anonymous_0)","decl":{"start":{"line":17,"column":23},"end":{"line":17,"column":24}},"loc":{"start":{"line":17,"column":69},"end":{"line":29,"column":1}},"line":17}},"branchMap":{"0":{"loc":{"start":{"line":17,"column":24},"end":{"line":17,"column":41}},"type":"default-arg","locations":[{"start":{"line":17,"column":32},"end":{"line":17,"column":41}}],"line":17},"1":{"loc":{"start":{"line":18,"column":2},"end":{"line":28,"column":3}},"type":"switch","locations":[{"start":{"line":19,"column":4},"end":{"line":20,"column":28}},{"start":{"line":21,"column":4},"end":{"line":25,"column":8}},{"start":{"line":26,"column":4},"end":{"line":27,"column":19}}],"line":18}},"s":{"0":2,"1":2,"2":0,"3":0,"4":0,"5":0},"f":{"0":0},"b":{"0":[0],"1":[0,0,0]},"_coverageSchema":"1a1c01bbd47fc00a2c39e90264f33305004495a9","hash":"65611f4146c69b3d6eba2aa9e435642a73522d37"}
,"E:\\REACT-NATIVE\\location_app\\src\\hooks\\useAppState.ts": {"path":"E:\\REACT-NATIVE\\location_app\\src\\hooks\\useAppState.ts","statementMap":{"0":{"start":{"line":5,"column":27},"end":{"line":7,"column":1}},"1":{"start":{"line":6,"column":2},"end":{"line":6,"column":38}}},"fnMap":{"0":{"name":"(anonymous_0)","decl":{"start":{"line":5,"column":27},"end":{"line":5,"column":28}},"loc":{"start":{"line":5,"column":33},"end":{"line":7,"column":1}},"line":5}},"branchMap":{},"s":{"0":2,"1":0},"f":{"0":0},"b":{},"_coverageSchema":"1a1c01bbd47fc00a2c39e90264f33305004495a9","hash":"1e6fd01b539bd7bf58239ab0efbcc90adc69828b"}
,"E:\\REACT-NATIVE\\location_app\\src\\hooks\\useDispatch.ts": {"path":"E:\\REACT-NATIVE\\location_app\\src\\hooks\\useDispatch.ts","statementMap":{"0":{"start":{"line":5,"column":27},"end":{"line":7,"column":1}},"1":{"start":{"line":6,"column":2},"end":{"line":6,"column":41}}},"fnMap":{"0":{"name":"(anonymous_0)","decl":{"start":{"line":5,"column":27},"end":{"line":5,"column":28}},"loc":{"start":{"line":5,"column":33},"end":{"line":7,"column":1}},"line":5}},"branchMap":{},"s":{"0":1,"1":0},"f":{"0":0},"b":{},"_coverageSchema":"1a1c01bbd47fc00a2c39e90264f33305004495a9","hash":"e4261d1bcc5390310acee697facf467beb04c0d9"}
,"E:\\REACT-NATIVE\\location_app\\src\\hooks\\useInterval.ts": {"path":"E:\\REACT-NATIVE\\location_app\\src\\hooks\\useInterval.ts","statementMap":{"0":{"start":{"line":3,"column":16},"end":{"line":3,"column":21}},"1":{"start":{"line":5,"column":27},"end":{"line":15,"column":1}},"2":{"start":{"line":7,"column":2},"end":{"line":14,"column":9}},"3":{"start":{"line":8,"column":4},"end":{"line":8,"column":15}},"4":{"start":{"line":9,"column":20},"end":{"line":11,"column":13}},"5":{"start":{"line":10,"column":6},"end":{"line":10,"column":17}},"6":{"start":{"line":13,"column":4},"end":{"line":13,"column":40}},"7":{"start":{"line":13,"column":17},"end":{"line":13,"column":39}}},"fnMap":{"0":{"name":"(anonymous_0)","decl":{"start":{"line":5,"column":27},"end":{"line":5,"column":28}},"loc":{"start":{"line":5,"column":70},"end":{"line":15,"column":1}},"line":5},"1":{"name":"(anonymous_1)","decl":{"start":{"line":7,"column":12},"end":{"line":7,"column":13}},"loc":{"start":{"line":7,"column":18},"end":{"line":14,"column":3}},"line":7},"2":{"name":"(anonymous_2)","decl":{"start":{"line":9,"column":32},"end":{"line":9,"column":33}},"loc":{"start":{"line":9,"column":38},"end":{"line":11,"column":5}},"line":9},"3":{"name":"(anonymous_3)","decl":{"start":{"line":13,"column":11},"end":{"line":13,"column":12}},"loc":{"start":{"line":13,"column":17},"end":{"line":13,"column":39}},"line":13}},"branchMap":{"0":{"loc":{"start":{"line":5,"column":50},"end":{"line":5,"column":65}},"type":"default-arg","locations":[{"start":{"line":5,"column":58},"end":{"line":5,"column":65}}],"line":5}},"s":{"0":1,"1":1,"2":0,"3":0,"4":0,"5":0,"6":0,"7":0},"f":{"0":0,"1":0,"2":0,"3":0},"b":{"0":[0]},"_coverageSchema":"1a1c01bbd47fc00a2c39e90264f33305004495a9","hash":"0f2af76f853078dfe1419ad5a4efd171e36d9f11"}
,"E:\\REACT-NATIVE\\location_app\\src\\screens\\Home.tsx": {"path":"E:\\REACT-NATIVE\\location_app\\src\\screens\\Home.tsx","statementMap":{"0":{"start":{"line":17,"column":23},"end":{"line":96,"column":1}},"1":{"start":{"line":19,"column":16},"end":{"line":19,"column":29}},"2":{"start":{"line":20,"column":19},"end":{"line":20,"column":32}},"3":{"start":{"line":21,"column":19},"end":{"line":21,"column":39}},"4":{"start":{"line":23,"column":30},"end":{"line":56,"column":3}},"5":{"start":{"line":24,"column":17},"end":{"line":24,"column":36}},"6":{"start":{"line":25,"column":4},"end":{"line":55,"column":5}},"7":{"start":{"line":26,"column":21},"end":{"line":29,"column":7}},"8":{"start":{"line":30,"column":30},"end":{"line":30,"column":89}},"9":{"start":{"line":31,"column":6},"end":{"line":54,"column":7}},"10":{"start":{"line":32,"column":27},"end":{"line":32,"column":68}},"11":{"start":{"line":33,"column":8},"end":{"line":51,"column":9}},"12":{"start":{"line":34,"column":29},"end":{"line":37,"column":11}},"13":{"start":{"line":38,"column":10},"end":{"line":48,"column":13}},"14":{"start":{"line":50,"column":10},"end":{"line":50,"column":48}},"15":{"start":{"line":53,"column":8},"end":{"line":53,"column":51}},"16":{"start":{"line":58,"column":21},"end":{"line":64,"column":3}},"17":{"start":{"line":59,"column":23},"end":{"line":59,"column":71}},"18":{"start":{"line":59,"column":57},"end":{"line":59,"column":70}},"19":{"start":{"line":60,"column":4},"end":{"line":63,"column":7}},"20":{"start":{"line":66,"column":19},"end":{"line":71,"column":3}},"21":{"start":{"line":67,"column":4},"end":{"line":70,"column":7}},"22":{"start":{"line":73,"column":2},"end":{"line":75,"column":5}},"23":{"start":{"line":74,"column":4},"end":{"line":74,"column":26}},"24":{"start":{"line":77,"column":2},"end":{"line":79,"column":49}},"25":{"start":{"line":78,"column":4},"end":{"line":78,"column":29}},"26":{"start":{"line":81,"column":2},"end":{"line":95,"column":4}},"27":{"start":{"line":98,"column":15},"end":{"line":127,"column":2}}},"fnMap":{"0":{"name":"(anonymous_0)","decl":{"start":{"line":17,"column":23},"end":{"line":17,"column":24}},"loc":{"start":{"line":17,"column":29},"end":{"line":96,"column":1}},"line":17},"1":{"name":"(anonymous_1)","decl":{"start":{"line":23,"column":30},"end":{"line":23,"column":31}},"loc":{"start":{"line":23,"column":42},"end":{"line":56,"column":3}},"line":23},"2":{"name":"(anonymous_2)","decl":{"start":{"line":58,"column":21},"end":{"line":58,"column":22}},"loc":{"start":{"line":58,"column":40},"end":{"line":64,"column":3}},"line":58},"3":{"name":"(anonymous_3)","decl":{"start":{"line":59,"column":45},"end":{"line":59,"column":46}},"loc":{"start":{"line":59,"column":57},"end":{"line":59,"column":70}},"line":59},"4":{"name":"(anonymous_4)","decl":{"start":{"line":66,"column":19},"end":{"line":66,"column":20}},"loc":{"start":{"line":66,"column":25},"end":{"line":71,"column":3}},"line":66},"5":{"name":"(anonymous_5)","decl":{"start":{"line":73,"column":14},"end":{"line":73,"column":15}},"loc":{"start":{"line":73,"column":20},"end":{"line":75,"column":3}},"line":73},"6":{"name":"(anonymous_6)","decl":{"start":{"line":77,"column":12},"end":{"line":77,"column":13}},"loc":{"start":{"line":77,"column":18},"end":{"line":79,"column":3}},"line":77}},"branchMap":{"0":{"loc":{"start":{"line":25,"column":4},"end":{"line":55,"column":5}},"type":"if","locations":[{"start":{"line":25,"column":4},"end":{"line":55,"column":5}},{"start":{},"end":{}}],"line":25},"1":{"loc":{"start":{"line":31,"column":6},"end":{"line":54,"column":7}},"type":"if","locations":[{"start":{"line":31,"column":6},"end":{"line":54,"column":7}},{"start":{"line":52,"column":13},"end":{"line":54,"column":7}}],"line":31},"2":{"loc":{"start":{"line":33,"column":8},"end":{"line":51,"column":9}},"type":"if","locations":[{"start":{"line":33,"column":8},"end":{"line":51,"column":9}},{"start":{"line":49,"column":15},"end":{"line":51,"column":9}}],"line":33}},"s":{"0":1,"1":0,"2":0,"3":0,"4":0,"5":0,"6":0,"7":0,"8":0,"9":0,"10":0,"11":0,"12":0,"13":0,"14":0,"15":0,"16":0,"17":0,"18":0,"19":0,"20":0,"21":0,"22":0,"23":0,"24":0,"25":0,"26":0,"27":1},"f":{"0":0,"1":0,"2":0,"3":0,"4":0,"5":0,"6":0},"b":{"0":[0,0],"1":[0,0],"2":[0,0]},"_coverageSchema":"1a1c01bbd47fc00a2c39e90264f33305004495a9","hash":"b465905bc327d275d0612dfc636e50f562761a31"}
,"E:\\REACT-NATIVE\\location_app\\src\\screens\\Map.tsx": {"path":"E:\\REACT-NATIVE\\location_app\\src\\screens\\Map.tsx","statementMap":{"0":{"start":{"line":7,"column":14},"end":{"line":10,"column":1}},"1":{"start":{"line":12,"column":22},"end":{"line":41,"column":1}},"2":{"start":{"line":14,"column":16},"end":{"line":14,"column":29}},"3":{"start":{"line":16,"column":20},"end":{"line":34,"column":3}},"4":{"start":{"line":17,"column":4},"end":{"line":33,"column":5}},"5":{"start":{"line":18,"column":6},"end":{"line":18,"column":40}},"6":{"start":{"line":20,"column":6},"end":{"line":32,"column":8}},"7":{"start":{"line":26,"column":12},"end":{"line":29,"column":14}},"8":{"start":{"line":36,"column":2},"end":{"line":40,"column":4}},"9":{"start":{"line":43,"column":15},"end":{"line":53,"column":2}}},"fnMap":{"0":{"name":"(anonymous_0)","decl":{"start":{"line":12,"column":22},"end":{"line":12,"column":23}},"loc":{"start":{"line":12,"column":28},"end":{"line":41,"column":1}},"line":12},"1":{"name":"(anonymous_1)","decl":{"start":{"line":16,"column":20},"end":{"line":16,"column":21}},"loc":{"start":{"line":16,"column":26},"end":{"line":34,"column":3}},"line":16},"2":{"name":"(anonymous_2)","decl":{"start":{"line":25,"column":49},"end":{"line":25,"column":50}},"loc":{"start":{"line":26,"column":12},"end":{"line":29,"column":14}},"line":26}},"branchMap":{"0":{"loc":{"start":{"line":17,"column":4},"end":{"line":33,"column":5}},"type":"if","locations":[{"start":{"line":17,"column":4},"end":{"line":33,"column":5}},{"start":{"line":19,"column":11},"end":{"line":33,"column":5}}],"line":17},"1":{"loc":{"start":{"line":17,"column":7},"end":{"line":17,"column":72}},"type":"binary-expr","locations":[{"start":{"line":17,"column":7},"end":{"line":17,"column":37}},{"start":{"line":17,"column":41},"end":{"line":17,"column":72}}],"line":17}},"s":{"0":1,"1":1,"2":0,"3":0,"4":0,"5":0,"6":0,"7":0,"8":0,"9":1},"f":{"0":0,"1":0,"2":0},"b":{"0":[0,0],"1":[0,0]},"_coverageSchema":"1a1c01bbd47fc00a2c39e90264f33305004495a9","hash":"852fcb055931d19bc2a95536e855a8157d25bd96"}
,"E:\\REACT-NATIVE\\location_app\\src\\utils\\helpers.ts": {"path":"E:\\REACT-NATIVE\\location_app\\src\\utils\\helpers.ts","statementMap":{"0":{"start":{"line":4,"column":14},"end":{"line":4,"column":16}},"1":{"start":{"line":6,"column":27},"end":{"line":15,"column":1}},"2":{"start":{"line":7,"column":2},"end":{"line":13,"column":17}},"3":{"start":{"line":8,"column":23},"end":{"line":8,"column":68}},"4":{"start":{"line":9,"column":4},"end":{"line":12,"column":5}},"5":{"start":{"line":10,"column":19},"end":{"line":10,"column":56}},"6":{"start":{"line":11,"column":6},"end":{"line":11,"column":18}},"7":{"start":{"line":14,"column":2},"end":{"line":14,"column":14}},"8":{"start":{"line":17,"column":37},"end":{"line":27,"column":1}},"9":{"start":{"line":19,"column":21},"end":{"line":21,"column":11}},"10":{"start":{"line":23,"column":2},"end":{"line":25,"column":3}},"11":{"start":{"line":24,"column":4},"end":{"line":24,"column":21}},"12":{"start":{"line":26,"column":2},"end":{"line":26,"column":20}}},"fnMap":{"0":{"name":"(anonymous_0)","decl":{"start":{"line":6,"column":27},"end":{"line":6,"column":28}},"loc":{"start":{"line":6,"column":75},"end":{"line":15,"column":1}},"line":6},"1":{"name":"(anonymous_1)","decl":{"start":{"line":17,"column":37},"end":{"line":17,"column":38}},"loc":{"start":{"line":17,"column":93},"end":{"line":27,"column":1}},"line":17}},"branchMap":{"0":{"loc":{"start":{"line":9,"column":4},"end":{"line":12,"column":5}},"type":"if","locations":[{"start":{"line":9,"column":4},"end":{"line":12,"column":5}},{"start":{},"end":{}}],"line":9},"1":{"loc":{"start":{"line":19,"column":21},"end":{"line":21,"column":11}},"type":"cond-expr","locations":[{"start":{"line":20,"column":4},"end":{"line":20,"column":25}},{"start":{"line":21,"column":4},"end":{"line":21,"column":11}}],"line":19},"2":{"loc":{"start":{"line":23,"column":2},"end":{"line":25,"column":3}},"type":"if","locations":[{"start":{"line":23,"column":2},"end":{"line":25,"column":3}},{"start":{},"end":{}}],"line":23}},"s":{"0":1,"1":1,"2":0,"3":0,"4":0,"5":0,"6":0,"7":0,"8":1,"9":0,"10":0,"11":0,"12":0},"f":{"0":0,"1":0},"b":{"0":[0,0],"1":[0,0],"2":[0,0]},"_coverageSchema":"1a1c01bbd47fc00a2c39e90264f33305004495a9","hash":"69539b48ef0a016305c2ee8f77eb454e432c068a"}
,"E:\\REACT-NATIVE\\location_app\\src\\utils\\http.ts": {"path":"E:\\REACT-NATIVE\\location_app\\src\\utils\\http.ts","statementMap":{"0":{"start":{"line":3,"column":31},"end":{"line":3,"column":65}},"1":{"start":{"line":5,"column":20},"end":{"line":7,"column":2}}},"fnMap":{},"branchMap":{},"s":{"0":1,"1":1},"f":{},"b":{},"_coverageSchema":"1a1c01bbd47fc00a2c39e90264f33305004495a9","hash":"016db9ff3fb4f6569cd77c68e1bafb4e23a3d690"}
}
